{
 "cells": [
  {
   "cell_type": "code",
   "execution_count": 6,
   "id": "914e8278-ae6a-42c8-a0d2-45a316ac664c",
   "metadata": {},
   "outputs": [],
   "source": [
    "import psycopg\n",
    "from sqlalchemy import create_engine\n",
    "import pandas as pd\n",
    "\n",
    "DB_URI = \"postgresql+psycopg://postgres:kigrax-9Kaqje-vuxmav@analytics.cifysgssswkf.us-east-1.rds.amazonaws.com:5432/postgres\"\n",
    "engine = create_engine(DB_URI)\n",
    "\n",
    "conn = psycopg.connect(\n",
    "    host=\"analytics.cifysgssswkf.us-east-1.rds.amazonaws.com\",\n",
    "    port=5432,\n",
    "    dbname=\"postgres\",\n",
    "    user=\"postgres\",\n",
    "    password=\"kigrax-9Kaqje-vuxmav\"\n",
    ")\n",
    "cur = conn.cursor()\n"
   ]
  },
  {
   "cell_type": "markdown",
   "id": "04c326cf-feac-4a40-9dde-1932be8dd6b5",
   "metadata": {},
   "source": [
    "### <span style=\"color:#001533\">EXPLAIN без індексів</span>"
   ]
  },
  {
   "cell_type": "code",
   "execution_count": 7,
   "id": "5acfcd6c-53d4-4cb3-a391-59f5381d902b",
   "metadata": {},
   "outputs": [],
   "source": [
    "def explain(query):\n",
    "    print(\"QUERY:\", query)\n",
    "    cur.execute(\"EXPLAIN \" + query)\n",
    "    rows = cur.fetchall()\n",
    "    for r in rows:\n",
    "        print(r[0])\n",
    "    print(\"\\n\" \"\\n\")"
   ]
  },
  {
   "cell_type": "code",
   "execution_count": 25,
   "id": "6f42f057-a9c6-4e64-94f6-06f2c30e1263",
   "metadata": {},
   "outputs": [
    {
     "name": "stdout",
     "output_type": "stream",
     "text": [
      "QUERY: SELECT * FROM instances;\n",
      "Seq Scan on instances  (cost=0.00..870.00 rows=10000 width=575)\n",
      "\n",
      "\n",
      "\n"
     ]
    }
   ],
   "source": [
    "explain('SELECT * FROM instances;')"
   ]
  },
  {
   "cell_type": "code",
   "execution_count": 26,
   "id": "e9724093-c44b-46f8-bc84-97180c96c253",
   "metadata": {},
   "outputs": [
    {
     "name": "stdout",
     "output_type": "stream",
     "text": [
      "QUERY: SELECT * FROM instances LIMIT 10;\n",
      "Limit  (cost=0.00..0.87 rows=10 width=575)\n",
      "  ->  Seq Scan on instances  (cost=0.00..870.00 rows=10000 width=575)\n",
      "\n",
      "\n",
      "\n"
     ]
    }
   ],
   "source": [
    "explain('SELECT * FROM instances LIMIT 10;')"
   ]
  },
  {
   "cell_type": "code",
   "execution_count": 27,
   "id": "f9e60fb5-abe7-49b0-809f-c52ff11e7068",
   "metadata": {},
   "outputs": [
    {
     "name": "stdout",
     "output_type": "stream",
     "text": [
      "QUERY: SELECT * FROM instances WHERE \"Bird\" BETWEEN 1 AND 5;\n",
      "Seq Scan on instances  (cost=0.00..920.00 rows=28 width=575)\n",
      "  Filter: ((\"Bird\" >= '1'::double precision) AND (\"Bird\" <= '5'::double precision))\n",
      "\n",
      "\n",
      "\n"
     ]
    }
   ],
   "source": [
    "explain('SELECT * FROM instances WHERE \"Bird\" BETWEEN 1 AND 5;')"
   ]
  },
  {
   "cell_type": "markdown",
   "id": "d8c4a2bd-3be7-4478-9619-579ec28d0dd6",
   "metadata": {},
   "source": [
    "### <span style=\"color:#001533\">Bird (BTREE)</span>"
   ]
  },
  {
   "cell_type": "code",
   "execution_count": 28,
   "id": "18c2a9d3-544d-433c-a3c5-310eb5f54e0d",
   "metadata": {},
   "outputs": [
    {
     "name": "stdout",
     "output_type": "stream",
     "text": [
      "QUERY: SELECT * FROM instances WHERE \"Bird\" BETWEEN 1 AND 5;\n",
      "Seq Scan on instances  (cost=0.00..920.00 rows=28 width=575)\n",
      "  Filter: ((\"Bird\" >= '1'::double precision) AND (\"Bird\" <= '5'::double precision))\n",
      "\n",
      "\n",
      "\n"
     ]
    }
   ],
   "source": [
    "explain('SELECT * FROM instances WHERE \"Bird\" BETWEEN 1 AND 5;')"
   ]
  },
  {
   "cell_type": "code",
   "execution_count": 29,
   "id": "3e022ebe-b467-4065-8341-2196f6505ead",
   "metadata": {},
   "outputs": [],
   "source": [
    "cur.execute('CREATE INDEX IF NOT EXISTS bird_ind ON instances(\"Bird\");')\n",
    "conn.commit()"
   ]
  },
  {
   "cell_type": "code",
   "execution_count": 30,
   "id": "670d9b41-3d0d-4400-853e-da6f98961f76",
   "metadata": {},
   "outputs": [
    {
     "name": "stdout",
     "output_type": "stream",
     "text": [
      "QUERY: SELECT * FROM instances WHERE \"Bird\" BETWEEN 1 AND 5;\n",
      "Index Scan using bird_ind on instances  (cost=0.29..12.02 rows=28 width=575)\n",
      "  Index Cond: ((\"Bird\" >= '1'::double precision) AND (\"Bird\" <= '5'::double precision))\n",
      "\n",
      "\n",
      "\n"
     ]
    }
   ],
   "source": [
    "explain('SELECT * FROM instances WHERE \"Bird\" BETWEEN 1 AND 5;')"
   ]
  },
  {
   "cell_type": "markdown",
   "id": "8b591aaa-507d-4b5b-a069-466bbc03c39a",
   "metadata": {},
   "source": [
    "### <span style=\"color:#001533\">DISTINCT source (текстовий індекс BTREE)</span>"
   ]
  },
  {
   "cell_type": "code",
   "execution_count": 31,
   "id": "bdc87547-974c-402b-9ddb-3a64f80b7b5f",
   "metadata": {},
   "outputs": [
    {
     "name": "stdout",
     "output_type": "stream",
     "text": [
      "QUERY: SELECT DISTINCT source FROM instances;\n",
      "HashAggregate  (cost=895.00..895.02 rows=2 width=10)\n",
      "  Group Key: source\n",
      "  ->  Seq Scan on instances  (cost=0.00..870.00 rows=10000 width=10)\n",
      "\n",
      "\n",
      "\n"
     ]
    }
   ],
   "source": [
    "explain('SELECT DISTINCT source FROM instances;')"
   ]
  },
  {
   "cell_type": "code",
   "execution_count": 32,
   "id": "24f42a8a-415c-4b58-8719-13579f954e64",
   "metadata": {},
   "outputs": [],
   "source": [
    "cur.execute('CREATE INDEX IF NOT EXISTS source_ind ON instances(\"source\");')\n",
    "conn.commit()"
   ]
  },
  {
   "cell_type": "code",
   "execution_count": 33,
   "id": "f9ff40f6-5a2a-4062-8b55-813c4ad37d73",
   "metadata": {},
   "outputs": [
    {
     "name": "stdout",
     "output_type": "stream",
     "text": [
      "QUERY: SELECT DISTINCT source FROM instances;\n",
      "Unique  (cost=0.29..219.28 rows=2 width=10)\n",
      "  ->  Index Only Scan using source_ind on instances  (cost=0.29..194.28 rows=10000 width=10)\n",
      "\n",
      "\n",
      "\n"
     ]
    }
   ],
   "source": [
    "explain('SELECT DISTINCT source FROM instances;')"
   ]
  },
  {
   "cell_type": "markdown",
   "id": "fb875e53-8e3a-4713-9039-db83e8b3ac92",
   "metadata": {},
   "source": [
    "### <span style=\"color:#001533\">Car (діапазон >1 AND <3)</span>"
   ]
  },
  {
   "cell_type": "code",
   "execution_count": 34,
   "id": "bb32e905-2e35-436b-8817-b06e169d1d4e",
   "metadata": {},
   "outputs": [
    {
     "name": "stdout",
     "output_type": "stream",
     "text": [
      "QUERY: SELECT * FROM instances WHERE \"Car\" > 1 AND \"Car\" < 3;\n",
      "Seq Scan on instances  (cost=0.00..920.00 rows=981 width=575)\n",
      "  Filter: ((\"Car\" > '1'::double precision) AND (\"Car\" < '3'::double precision))\n",
      "\n",
      "\n",
      "\n"
     ]
    }
   ],
   "source": [
    "explain('SELECT * FROM instances WHERE \"Car\" > 1 AND \"Car\" < 3;')"
   ]
  },
  {
   "cell_type": "code",
   "execution_count": 35,
   "id": "f1ac2987-8b0f-4208-98cb-cb654e6eedc9",
   "metadata": {},
   "outputs": [],
   "source": [
    "cur.execute('CREATE INDEX IF NOT EXISTS car_ind ON instances(\"Car\");')\n",
    "conn.commit()"
   ]
  },
  {
   "cell_type": "code",
   "execution_count": 36,
   "id": "7778bb58-ea32-497f-8ad4-e62d09c3fda3",
   "metadata": {},
   "outputs": [
    {
     "name": "stdout",
     "output_type": "stream",
     "text": [
      "QUERY: SELECT * FROM instances WHERE \"Car\" > 1 AND \"Car\" < 3;\n",
      "Bitmap Heap Scan on instances  (cost=22.34..848.13 rows=981 width=575)\n",
      "  Recheck Cond: ((\"Car\" > '1'::double precision) AND (\"Car\" < '3'::double precision))\n",
      "  ->  Bitmap Index Scan on car_ind  (cost=0.00..22.09 rows=981 width=0)\n",
      "        Index Cond: ((\"Car\" > '1'::double precision) AND (\"Car\" < '3'::double precision))\n",
      "\n",
      "\n",
      "\n"
     ]
    }
   ],
   "source": [
    "explain('SELECT * FROM instances WHERE \"Car\" > 1 AND \"Car\" < 3;')"
   ]
  },
  {
   "cell_type": "markdown",
   "id": "cf5f63a1-e749-4656-8d4c-6566aed85f97",
   "metadata": {},
   "source": [
    "### <span style=\"color:#001533\">JOIN оптимізація</span>"
   ]
  },
  {
   "cell_type": "code",
   "execution_count": 37,
   "id": "7abb9a20-7e00-44ae-b24a-200b7932a39c",
   "metadata": {},
   "outputs": [
    {
     "name": "stdout",
     "output_type": "stream",
     "text": [
      "QUERY: SELECT i.\"Car\" FROM instances i, metadata m WHERE i.orig_id = m.orig_id AND m.year = 2023 LIMIT 20;\n",
      "Limit  (cost=450.19..604.10 rows=20 width=8)\n",
      "  ->  Hash Join  (cost=450.19..1796.94 rows=175 width=8)\n",
      "        Hash Cond: (i.orig_id = (m.orig_id)::double precision)\n",
      "        ->  Seq Scan on instances i  (cost=0.00..870.00 rows=10000 width=16)\n",
      "        ->  Hash  (cost=448.00..448.00 rows=175 width=8)\n",
      "              ->  Seq Scan on metadata m  (cost=0.00..448.00 rows=175 width=8)\n",
      "                    Filter: (year = 2023)\n",
      "\n",
      "\n",
      "\n"
     ]
    }
   ],
   "source": [
    "explain('SELECT i.\"Car\" FROM instances i, metadata m '\n",
    "        'WHERE i.orig_id = m.orig_id AND m.year = 2023 LIMIT 20;')"
   ]
  },
  {
   "cell_type": "code",
   "execution_count": 38,
   "id": "7facf8fd-b712-43f0-888a-dfee406caac8",
   "metadata": {},
   "outputs": [],
   "source": [
    "cur.execute('CREATE INDEX IF NOT EXISTS metadata_year_ind ON metadata(\"year\");')\n",
    "cur.execute('CREATE INDEX IF NOT EXISTS metadata_orig_id_ind ON metadata(\"orig_id\");')\n",
    "cur.execute('CREATE INDEX IF NOT EXISTS instances_orig_id_ind ON instances(\"orig_id\");')\n",
    "conn.commit()"
   ]
  },
  {
   "cell_type": "code",
   "execution_count": 39,
   "id": "f044fd7f-e288-43de-9f3a-d1c64e9f165e",
   "metadata": {},
   "outputs": [
    {
     "name": "stdout",
     "output_type": "stream",
     "text": [
      "QUERY: SELECT i.\"Car\" FROM instances i, metadata m WHERE i.orig_id = m.orig_id AND m.year = 2023 LIMIT 20;\n",
      "Limit  (cost=5.93..130.55 rows=20 width=8)\n",
      "  ->  Nested Loop  (cost=5.93..1096.35 rows=175 width=8)\n",
      "        ->  Bitmap Heap Scan on metadata m  (cost=5.64..289.22 rows=175 width=8)\n",
      "              Recheck Cond: (year = 2023)\n",
      "              ->  Bitmap Index Scan on metadata_year_ind  (cost=0.00..5.60 rows=175 width=0)\n",
      "                    Index Cond: (year = 2023)\n",
      "        ->  Index Scan using instances_orig_id_ind on instances i  (cost=0.29..4.60 rows=1 width=16)\n",
      "              Index Cond: (orig_id = (m.orig_id)::double precision)\n",
      "\n",
      "\n",
      "\n"
     ]
    }
   ],
   "source": [
    "explain('SELECT i.\"Car\" FROM instances i, metadata m '\n",
    "        'WHERE i.orig_id = m.orig_id AND m.year = 2023 LIMIT 20;')"
   ]
  },
  {
   "cell_type": "markdown",
   "id": "e49645c2-6e59-4526-aa48-bfcc44ded4ec",
   "metadata": {},
   "source": [
    "### <span style=\"color:#001533\">Hash Index (Road = 2)</span>"
   ]
  },
  {
   "cell_type": "code",
   "execution_count": 40,
   "id": "5c30a06d-adb0-4418-b24f-39ff007f752e",
   "metadata": {},
   "outputs": [
    {
     "name": "stdout",
     "output_type": "stream",
     "text": [
      "QUERY: SELECT COUNT(*) FROM instances WHERE \"Road\" = 2;\n",
      "Aggregate  (cost=895.92..895.93 rows=1 width=8)\n",
      "  ->  Seq Scan on instances  (cost=0.00..895.00 rows=368 width=0)\n",
      "        Filter: (\"Road\" = '2'::double precision)\n",
      "\n",
      "\n",
      "\n"
     ]
    }
   ],
   "source": [
    "explain('SELECT COUNT(*) FROM instances WHERE \"Road\" = 2;')"
   ]
  },
  {
   "cell_type": "code",
   "execution_count": 41,
   "id": "190d1176-b9fb-498c-9354-c4199de68046",
   "metadata": {},
   "outputs": [],
   "source": [
    "cur.execute('CREATE INDEX IF NOT EXISTS road_hash_ind ON instances USING hash(\"Road\");')\n",
    "conn.commit()"
   ]
  },
  {
   "cell_type": "code",
   "execution_count": 42,
   "id": "97cf2f65-16c0-4405-8f07-ff5171eba55b",
   "metadata": {},
   "outputs": [
    {
     "name": "stdout",
     "output_type": "stream",
     "text": [
      "QUERY: SELECT COUNT(*) FROM instances WHERE \"Road\" = 2;\n",
      "Aggregate  (cost=660.21..660.22 rows=1 width=8)\n",
      "  ->  Bitmap Heap Scan on instances  (cost=18.85..659.29 rows=368 width=0)\n",
      "        Recheck Cond: (\"Road\" = '2'::double precision)\n",
      "        ->  Bitmap Index Scan on road_hash_ind  (cost=0.00..18.76 rows=368 width=0)\n",
      "              Index Cond: (\"Road\" = '2'::double precision)\n",
      "\n",
      "\n",
      "\n"
     ]
    }
   ],
   "source": [
    "explain('SELECT COUNT(*) FROM instances WHERE \"Road\" = 2;')"
   ]
  },
  {
   "cell_type": "markdown",
   "id": "31791963-4ece-472e-bf12-d751e49af105",
   "metadata": {},
   "source": [
    "### <span style=\"color:#001533\">GIN index для full-text search у gadm</span>"
   ]
  },
  {
   "cell_type": "code",
   "execution_count": 46,
   "id": "e7961e6b-2ced-4744-adac-8709e3bcc226",
   "metadata": {},
   "outputs": [
    {
     "name": "stdout",
     "output_type": "stream",
     "text": [
      "QUERY: SELECT COUNT(*) FROM gadm WHERE to_tsvector('english', \"COUNTRY\") @@ to_tsquery('english', 'United');\n",
      "Aggregate  (cost=154.61..154.62 rows=1 width=8)\n",
      "  ->  Bitmap Heap Scan on gadm  (cost=8.80..154.49 rows=50 width=0)\n",
      "        Recheck Cond: (to_tsvector('english'::regconfig, \"COUNTRY\") @@ '''unit'''::tsquery)\n",
      "        ->  Bitmap Index Scan on country_gin_ind  (cost=0.00..8.79 rows=50 width=0)\n",
      "              Index Cond: (to_tsvector('english'::regconfig, \"COUNTRY\") @@ '''unit'''::tsquery)\n",
      "\n",
      "\n",
      "\n"
     ]
    }
   ],
   "source": [
    "explain(\n",
    "'SELECT COUNT(*) FROM gadm WHERE to_tsvector(\\'english\\', \"COUNTRY\") '\n",
    "'@@ to_tsquery(\\'english\\', \\'United\\');'\n",
    ")"
   ]
  },
  {
   "cell_type": "code",
   "execution_count": 47,
   "id": "e2571b0c-cb66-4b55-9bba-66c75926b812",
   "metadata": {},
   "outputs": [],
   "source": [
    "cur.execute(\n",
    "    'CREATE INDEX IF NOT EXISTS gadm_country_gin_ind '\n",
    "    'ON gadm USING gin(to_tsvector(\\'english\\', \"COUNTRY\"));'\n",
    ")\n",
    "conn.commit()"
   ]
  },
  {
   "cell_type": "code",
   "execution_count": 48,
   "id": "b3c27ff0-fad7-44a2-a216-6f4369f19230",
   "metadata": {},
   "outputs": [
    {
     "name": "stdout",
     "output_type": "stream",
     "text": [
      "QUERY: SELECT COUNT(*) FROM gadm WHERE to_tsvector('english', \"COUNTRY\") @@ to_tsquery('english', 'United');\n",
      "Aggregate  (cost=154.61..154.62 rows=1 width=8)\n",
      "  ->  Bitmap Heap Scan on gadm  (cost=8.80..154.49 rows=50 width=0)\n",
      "        Recheck Cond: (to_tsvector('english'::regconfig, \"COUNTRY\") @@ '''unit'''::tsquery)\n",
      "        ->  Bitmap Index Scan on gadm_country_gin_ind  (cost=0.00..8.79 rows=50 width=0)\n",
      "              Index Cond: (to_tsvector('english'::regconfig, \"COUNTRY\") @@ '''unit'''::tsquery)\n",
      "\n",
      "\n",
      "\n"
     ]
    }
   ],
   "source": [
    "explain(\n",
    "'SELECT COUNT(*) FROM gadm WHERE to_tsvector(\\'english\\', \"COUNTRY\") '\n",
    "'@@ to_tsquery(\\'english\\', \\'United\\');'\n",
    ")"
   ]
  },
  {
   "cell_type": "markdown",
   "id": "27695789-21e7-49bf-95d7-2c8e33bf1ac6",
   "metadata": {},
   "source": [
    "### <span style=\"color:#001533\">BRIN index</span>"
   ]
  },
  {
   "cell_type": "code",
   "execution_count": 50,
   "id": "3e7a347a-8fd9-4d74-aa49-32d695c42396",
   "metadata": {},
   "outputs": [],
   "source": [
    "cur.execute('CREATE INDEX IF NOT EXISTS metadata_year_brin_ind '\n",
    "            'ON metadata USING brin(\"year\");')\n",
    "conn.commit()\n"
   ]
  },
  {
   "cell_type": "code",
   "execution_count": 51,
   "id": "eaf6a322-7c52-4702-b04a-ff354a32df9d",
   "metadata": {},
   "outputs": [
    {
     "name": "stdout",
     "output_type": "stream",
     "text": [
      "QUERY: SELECT * FROM metadata WHERE \"year\" = 2020;\n",
      "Seq Scan on metadata  (cost=0.00..448.00 rows=2027 width=221)\n",
      "  Filter: (year = 2020)\n",
      "\n",
      "\n",
      "\n"
     ]
    }
   ],
   "source": [
    "explain('SELECT * FROM metadata WHERE \"year\" = 2020;')"
   ]
  },
  {
   "cell_type": "code",
   "execution_count": 52,
   "id": "21467173-f559-44c5-b97e-923bfc2849dc",
   "metadata": {},
   "outputs": [
    {
     "name": "stdout",
     "output_type": "stream",
     "text": [
      "The history saving thread hit an unexpected error (OperationalError('attempt to write a readonly database')).History will not be written to the database.\n"
     ]
    }
   ],
   "source": [
    "cur.close()\n",
    "conn.close()\n"
   ]
  },
  {
   "cell_type": "markdown",
   "id": "6799dba8-f847-416e-afba-01c8c9bbc1ac",
   "metadata": {},
   "source": [
    "# Improve execution of queries from lab10 via indexing."
   ]
  },
  {
   "cell_type": "code",
   "execution_count": 26,
   "id": "a7522ba8-8627-4064-b4d9-efe1df3845f8",
   "metadata": {},
   "outputs": [],
   "source": [
    "q1 = \"\"\"\n",
    "SELECT \n",
    "    g.urban_term,\n",
    "    AVG(p.\"Beautiful\") AS avg_beautiful,\n",
    "    AVG(p.\"Boring\") AS avg_boring,\n",
    "    AVG(p.\"Depressing\") AS avg_depressing,\n",
    "    AVG(p.\"Lively\") AS avg_lively,\n",
    "    AVG(p.\"Safe\") AS avg_safe,\n",
    "    AVG(p.\"Wealthy\") AS avg_wealthy\n",
    "FROM ghsl g\n",
    "JOIN perception p USING(uuid)\n",
    "GROUP BY g.urban_term\n",
    "ORDER BY g.urban_term;\n",
    "\"\"\"\n"
   ]
  },
  {
   "cell_type": "code",
   "execution_count": 27,
   "id": "fe02a272-110a-47e9-abef-5361776b577a",
   "metadata": {},
   "outputs": [],
   "source": [
    "q2 = \"\"\"\n",
    "SELECT \n",
    "    pl.place,\n",
    "    AVG(p.\"Beautiful\") AS avg_beautiful,\n",
    "    AVG(p.\"Boring\") AS avg_boring,\n",
    "    AVG(p.\"Depressing\") AS avg_depressing,\n",
    "    AVG(p.\"Lively\") AS avg_lively,\n",
    "    AVG(p.\"Safe\") AS avg_safe,\n",
    "    AVG(p.\"Wealthy\") AS avg_wealthy\n",
    "FROM places365 pl\n",
    "JOIN perception p USING(uuid)\n",
    "GROUP BY pl.place\n",
    "ORDER BY pl.place;\n",
    "\"\"\"\n"
   ]
  },
  {
   "cell_type": "code",
   "execution_count": 28,
   "id": "8c10d2f3-7c7e-4d67-b38b-f1a7f6f4e1e1",
   "metadata": {},
   "outputs": [],
   "source": [
    "q3 = \"\"\"\n",
    "SELECT \n",
    "    g.\"COUNTRY\",\n",
    "    AVG(p.\"Beautiful\") AS avg_beautiful,\n",
    "    AVG(p.\"Boring\") AS avg_boring,\n",
    "    AVG(p.\"Depressing\") AS avg_depressing,\n",
    "    AVG(p.\"Lively\") AS avg_lively,\n",
    "    AVG(p.\"Safe\") AS avg_safe,\n",
    "    AVG(p.\"Wealthy\") AS avg_wealthy\n",
    "FROM gadm g\n",
    "JOIN perception p USING(uuid)\n",
    "GROUP BY g.\"COUNTRY\"\n",
    "ORDER BY g.\"COUNTRY\";\n",
    "\"\"\"\n"
   ]
  },
  {
   "cell_type": "code",
   "execution_count": 29,
   "id": "930ea070-3912-453d-8821-c55b8e19cd02",
   "metadata": {},
   "outputs": [
    {
     "name": "stdout",
     "output_type": "stream",
     "text": [
      "EXPLAIN BEFORE INDEXING\n",
      "\n",
      "QUERY: \n",
      "SELECT \n",
      "    g.urban_term,\n",
      "    AVG(p.\"Beautiful\") AS avg_beautiful,\n",
      "    AVG(p.\"Boring\") AS avg_boring,\n",
      "    AVG(p.\"Depressing\") AS avg_depressing,\n",
      "    AVG(p.\"Lively\") AS avg_lively,\n",
      "    AVG(p.\"Safe\") AS avg_safe,\n",
      "    AVG(p.\"Wealthy\") AS avg_wealthy\n",
      "FROM ghsl g\n",
      "JOIN perception p USING(uuid)\n",
      "GROUP BY g.urban_term\n",
      "ORDER BY g.urban_term;\n",
      "\n",
      "Sort  (cost=825.58..825.60 rows=8 width=62)\n",
      "  Sort Key: g.urban_term\n",
      "  ->  HashAggregate  (cost=825.26..825.46 rows=8 width=62)\n",
      "        Group Key: g.urban_term\n",
      "        ->  Hash Join  (cost=360.00..650.26 rows=10000 width=62)\n",
      "              Hash Cond: (p.uuid = g.uuid)\n",
      "              ->  Seq Scan on perception p  (cost=0.00..264.00 rows=10000 width=85)\n",
      "              ->  Hash  (cost=235.00..235.00 rows=10000 width=51)\n",
      "                    ->  Seq Scan on ghsl g  (cost=0.00..235.00 rows=10000 width=51)\n",
      "\n",
      "\n",
      "\n",
      "QUERY: \n",
      "SELECT \n",
      "    pl.place,\n",
      "    AVG(p.\"Beautiful\") AS avg_beautiful,\n",
      "    AVG(p.\"Boring\") AS avg_boring,\n",
      "    AVG(p.\"Depressing\") AS avg_depressing,\n",
      "    AVG(p.\"Lively\") AS avg_lively,\n",
      "    AVG(p.\"Safe\") AS avg_safe,\n",
      "    AVG(p.\"Wealthy\") AS avg_wealthy\n",
      "FROM places365 pl\n",
      "JOIN perception p USING(uuid)\n",
      "GROUP BY pl.place\n",
      "ORDER BY pl.place;\n",
      "\n",
      "Sort  (cost=825.04..825.58 rows=216 width=58)\n",
      "  Sort Key: pl.place\n",
      "  ->  HashAggregate  (cost=811.26..816.66 rows=216 width=58)\n",
      "        Group Key: pl.place\n",
      "        ->  Hash Join  (cost=346.00..636.26 rows=10000 width=58)\n",
      "              Hash Cond: (p.uuid = pl.uuid)\n",
      "              ->  Seq Scan on perception p  (cost=0.00..264.00 rows=10000 width=85)\n",
      "              ->  Hash  (cost=221.00..221.00 rows=10000 width=47)\n",
      "                    ->  Seq Scan on places365 pl  (cost=0.00..221.00 rows=10000 width=47)\n",
      "\n",
      "\n",
      "\n",
      "QUERY: \n",
      "SELECT \n",
      "    g.\"COUNTRY\",\n",
      "    AVG(p.\"Beautiful\") AS avg_beautiful,\n",
      "    AVG(p.\"Boring\") AS avg_boring,\n",
      "    AVG(p.\"Depressing\") AS avg_depressing,\n",
      "    AVG(p.\"Lively\") AS avg_lively,\n",
      "    AVG(p.\"Safe\") AS avg_safe,\n",
      "    AVG(p.\"Wealthy\") AS avg_wealthy\n",
      "FROM gadm g\n",
      "JOIN perception p USING(uuid)\n",
      "GROUP BY g.\"COUNTRY\"\n",
      "ORDER BY g.\"COUNTRY\";\n",
      "\n",
      "Sort  (cost=1005.16..1005.59 rows=175 width=57)\n",
      "  Sort Key: g.\"COUNTRY\"\n",
      "  ->  HashAggregate  (cost=994.26..998.64 rows=175 width=57)\n",
      "        Group Key: g.\"COUNTRY\"\n",
      "        ->  Hash Join  (cost=389.00..819.26 rows=10000 width=57)\n",
      "              Hash Cond: (g.uuid = p.uuid)\n",
      "              ->  Seq Scan on gadm g  (cost=0.00..404.00 rows=10000 width=46)\n",
      "              ->  Hash  (cost=264.00..264.00 rows=10000 width=85)\n",
      "                    ->  Seq Scan on perception p  (cost=0.00..264.00 rows=10000 width=85)\n",
      "\n",
      "\n",
      "\n"
     ]
    }
   ],
   "source": [
    "print(\"EXPLAIN BEFORE INDEXING\\n\")\n",
    "explain(q1)\n",
    "explain(q2)\n",
    "explain(q3)"
   ]
  },
  {
   "cell_type": "code",
   "execution_count": 30,
   "id": "d3511b14-2fa4-4a5c-949c-3324929361e0",
   "metadata": {},
   "outputs": [],
   "source": [
    "cur.execute(\"CREATE INDEX IF NOT EXISTS ghsl_uuid_ind ON ghsl(uuid);\")\n",
    "cur.execute(\"CREATE INDEX IF NOT EXISTS perception_uuid_ind ON perception(uuid);\")\n",
    "cur.execute(\"CREATE INDEX IF NOT EXISTS places_uuid_ind ON places365(uuid);\")\n",
    "cur.execute(\"CREATE INDEX IF NOT EXISTS gadm_uuid_ind ON gadm(uuid);\")\n",
    "\n",
    "cur.execute(\"CREATE INDEX IF NOT EXISTS ghsl_urban_ind ON ghsl(urban_term);\")\n",
    "cur.execute(\"CREATE INDEX IF NOT EXISTS places_place_ind ON places365(place);\")\n",
    "cur.execute(\"CREATE INDEX IF NOT EXISTS gadm_country_ind ON gadm(\\\"COUNTRY\\\");\")\n",
    "\n",
    "conn.commit()"
   ]
  },
  {
   "cell_type": "code",
   "execution_count": 31,
   "id": "a4bc01df-c034-454c-ad43-285b1e97e645",
   "metadata": {},
   "outputs": [
    {
     "name": "stdout",
     "output_type": "stream",
     "text": [
      "EXPLAIN AFTER INDEXING\n",
      "\n",
      "QUERY: \n",
      "SELECT \n",
      "    g.urban_term,\n",
      "    AVG(p.\"Beautiful\") AS avg_beautiful,\n",
      "    AVG(p.\"Boring\") AS avg_boring,\n",
      "    AVG(p.\"Depressing\") AS avg_depressing,\n",
      "    AVG(p.\"Lively\") AS avg_lively,\n",
      "    AVG(p.\"Safe\") AS avg_safe,\n",
      "    AVG(p.\"Wealthy\") AS avg_wealthy\n",
      "FROM ghsl g\n",
      "JOIN perception p USING(uuid)\n",
      "GROUP BY g.urban_term\n",
      "ORDER BY g.urban_term;\n",
      "\n",
      "Sort  (cost=825.58..825.60 rows=8 width=62)\n",
      "  Sort Key: g.urban_term\n",
      "  ->  HashAggregate  (cost=825.26..825.46 rows=8 width=62)\n",
      "        Group Key: g.urban_term\n",
      "        ->  Hash Join  (cost=360.00..650.26 rows=10000 width=62)\n",
      "              Hash Cond: (p.uuid = g.uuid)\n",
      "              ->  Seq Scan on perception p  (cost=0.00..264.00 rows=10000 width=85)\n",
      "              ->  Hash  (cost=235.00..235.00 rows=10000 width=51)\n",
      "                    ->  Seq Scan on ghsl g  (cost=0.00..235.00 rows=10000 width=51)\n",
      "\n",
      "\n",
      "\n",
      "QUERY: \n",
      "SELECT \n",
      "    pl.place,\n",
      "    AVG(p.\"Beautiful\") AS avg_beautiful,\n",
      "    AVG(p.\"Boring\") AS avg_boring,\n",
      "    AVG(p.\"Depressing\") AS avg_depressing,\n",
      "    AVG(p.\"Lively\") AS avg_lively,\n",
      "    AVG(p.\"Safe\") AS avg_safe,\n",
      "    AVG(p.\"Wealthy\") AS avg_wealthy\n",
      "FROM places365 pl\n",
      "JOIN perception p USING(uuid)\n",
      "GROUP BY pl.place\n",
      "ORDER BY pl.place;\n",
      "\n",
      "Sort  (cost=825.04..825.58 rows=216 width=58)\n",
      "  Sort Key: pl.place\n",
      "  ->  HashAggregate  (cost=811.26..816.66 rows=216 width=58)\n",
      "        Group Key: pl.place\n",
      "        ->  Hash Join  (cost=346.00..636.26 rows=10000 width=58)\n",
      "              Hash Cond: (p.uuid = pl.uuid)\n",
      "              ->  Seq Scan on perception p  (cost=0.00..264.00 rows=10000 width=85)\n",
      "              ->  Hash  (cost=221.00..221.00 rows=10000 width=47)\n",
      "                    ->  Seq Scan on places365 pl  (cost=0.00..221.00 rows=10000 width=47)\n",
      "\n",
      "\n",
      "\n",
      "QUERY: \n",
      "SELECT \n",
      "    g.\"COUNTRY\",\n",
      "    AVG(p.\"Beautiful\") AS avg_beautiful,\n",
      "    AVG(p.\"Boring\") AS avg_boring,\n",
      "    AVG(p.\"Depressing\") AS avg_depressing,\n",
      "    AVG(p.\"Lively\") AS avg_lively,\n",
      "    AVG(p.\"Safe\") AS avg_safe,\n",
      "    AVG(p.\"Wealthy\") AS avg_wealthy\n",
      "FROM gadm g\n",
      "JOIN perception p USING(uuid)\n",
      "GROUP BY g.\"COUNTRY\"\n",
      "ORDER BY g.\"COUNTRY\";\n",
      "\n",
      "Sort  (cost=1005.16..1005.59 rows=175 width=57)\n",
      "  Sort Key: g.\"COUNTRY\"\n",
      "  ->  HashAggregate  (cost=994.26..998.64 rows=175 width=57)\n",
      "        Group Key: g.\"COUNTRY\"\n",
      "        ->  Hash Join  (cost=389.00..819.26 rows=10000 width=57)\n",
      "              Hash Cond: (g.uuid = p.uuid)\n",
      "              ->  Seq Scan on gadm g  (cost=0.00..404.00 rows=10000 width=46)\n",
      "              ->  Hash  (cost=264.00..264.00 rows=10000 width=85)\n",
      "                    ->  Seq Scan on perception p  (cost=0.00..264.00 rows=10000 width=85)\n",
      "\n",
      "\n",
      "\n"
     ]
    }
   ],
   "source": [
    "print(\"EXPLAIN AFTER INDEXING\\n\")\n",
    "explain(q1)\n",
    "explain(q2)\n",
    "explain(q3)"
   ]
  },
  {
   "cell_type": "code",
   "execution_count": 32,
   "id": "22edeeb8-9803-4dc7-a4b0-7d43aa3b2171",
   "metadata": {},
   "outputs": [],
   "source": [
    "select_mv = \"\"\"\n",
    "SELECT\n",
    "    g.\"NAME_2\" AS area_name,\n",
    "    SUM(value::int) AS total_objects\n",
    "FROM instances i\n",
    "JOIN gadm g USING (uuid),\n",
    "LATERAL jsonb_each_text(\n",
    "    to_jsonb(i) - 'uuid' - 'source' - 'orig_id'\n",
    ") AS each(key, value)\n",
    "GROUP BY g.\"NAME_2\"\n",
    "ORDER BY total_objects DESC;\n",
    "\"\"\"\n"
   ]
  },
  {
   "cell_type": "code",
   "execution_count": 33,
   "id": "a0fd8fc8-0432-4f6b-92aa-5ad9b519c6c9",
   "metadata": {},
   "outputs": [
    {
     "name": "stdout",
     "output_type": "stream",
     "text": [
      "EXPLAIN BEFORE INDEXES:\n",
      "\n",
      "QUERY: \n",
      "SELECT\n",
      "    g.\"NAME_2\" AS area_name,\n",
      "    SUM(value::int) AS total_objects\n",
      "FROM instances i\n",
      "JOIN gadm g USING (uuid),\n",
      "LATERAL jsonb_each_text(\n",
      "    to_jsonb(i) - 'uuid' - 'source' - 'orig_id'\n",
      ") AS each(key, value)\n",
      "GROUP BY g.\"NAME_2\"\n",
      "ORDER BY total_objects DESC;\n",
      "\n",
      "Sort  (cost=31451.20..31452.39 rows=476 width=18)\n",
      "  Sort Key: (sum((each.value)::integer)) DESC\n",
      "  ->  HashAggregate  (cost=31425.27..31430.03 rows=476 width=18)\n",
      "        Group Key: g.\"NAME_2\"\n",
      "        ->  Nested Loop  (cost=529.01..21425.27 rows=1000000 width=42)\n",
      "              ->  Hash Join  (cost=529.00..1425.26 rows=10000 width=609)\n",
      "                    Hash Cond: (i.uuid = g.uuid)\n",
      "                    ->  Seq Scan on instances i  (cost=0.00..870.00 rows=10000 width=636)\n",
      "                    ->  Hash  (cost=404.00..404.00 rows=10000 width=47)\n",
      "                          ->  Seq Scan on gadm g  (cost=0.00..404.00 rows=10000 width=47)\n",
      "              ->  Function Scan on jsonb_each_text each  (cost=0.01..1.01 rows=100 width=32)\n",
      "\n",
      "\n",
      "\n"
     ]
    }
   ],
   "source": [
    "print(\"EXPLAIN BEFORE INDEXES:\\n\")\n",
    "explain(select_mv)"
   ]
  },
  {
   "cell_type": "code",
   "execution_count": 34,
   "id": "e36a3bd5-a8c4-4081-a42e-0ce270f94ef6",
   "metadata": {},
   "outputs": [],
   "source": [
    "cur.execute(\"CREATE INDEX IF NOT EXISTS instances_uuid_ind ON instances(uuid);\")\n",
    "cur.execute(\"CREATE INDEX IF NOT EXISTS gadm_uuid_ind ON gadm(uuid);\")\n",
    "conn.commit()"
   ]
  },
  {
   "cell_type": "code",
   "execution_count": 35,
   "id": "fd30bb1b-8302-4232-a12a-915252e00ce6",
   "metadata": {},
   "outputs": [
    {
     "name": "stdout",
     "output_type": "stream",
     "text": [
      "EXPLAIN AFTER INDEXES:\n",
      "\n",
      "QUERY: \n",
      "SELECT\n",
      "    g.\"NAME_2\" AS area_name,\n",
      "    SUM(value::int) AS total_objects\n",
      "FROM instances i\n",
      "JOIN gadm g USING (uuid),\n",
      "LATERAL jsonb_each_text(\n",
      "    to_jsonb(i) - 'uuid' - 'source' - 'orig_id'\n",
      ") AS each(key, value)\n",
      "GROUP BY g.\"NAME_2\"\n",
      "ORDER BY total_objects DESC;\n",
      "\n",
      "Sort  (cost=31451.20..31452.39 rows=476 width=18)\n",
      "  Sort Key: (sum((each.value)::integer)) DESC\n",
      "  ->  HashAggregate  (cost=31425.27..31430.03 rows=476 width=18)\n",
      "        Group Key: g.\"NAME_2\"\n",
      "        ->  Nested Loop  (cost=529.01..21425.27 rows=1000000 width=42)\n",
      "              ->  Hash Join  (cost=529.00..1425.26 rows=10000 width=609)\n",
      "                    Hash Cond: (i.uuid = g.uuid)\n",
      "                    ->  Seq Scan on instances i  (cost=0.00..870.00 rows=10000 width=636)\n",
      "                    ->  Hash  (cost=404.00..404.00 rows=10000 width=47)\n",
      "                          ->  Seq Scan on gadm g  (cost=0.00..404.00 rows=10000 width=47)\n",
      "              ->  Function Scan on jsonb_each_text each  (cost=0.01..1.01 rows=100 width=32)\n",
      "\n",
      "\n",
      "\n"
     ]
    }
   ],
   "source": [
    "print(\"EXPLAIN AFTER INDEXES:\\n\")\n",
    "explain(select_mv)"
   ]
  },
  {
   "cell_type": "code",
   "execution_count": 36,
   "id": "916f460a-c973-4fed-927e-81c98bc728e3",
   "metadata": {},
   "outputs": [
    {
     "name": "stdout",
     "output_type": "stream",
     "text": [
      "Materialized view recreated successfully!\n"
     ]
    }
   ],
   "source": [
    "conn.rollback()\n",
    "\n",
    "cur.execute(\"DROP MATERIALIZED VIEW IF EXISTS total_instances_by_level2;\")\n",
    "conn.commit()\n",
    "\n",
    "# Create MV again\n",
    "q_mv = f\"\"\"\n",
    "CREATE MATERIALIZED VIEW total_instances_by_level2 AS\n",
    "{select_mv}\n",
    "\"\"\"\n",
    "\n",
    "cur.execute(q_mv)\n",
    "conn.commit()\n",
    "\n",
    "print(\"Materialized view recreated successfully!\")\n"
   ]
  },
  {
   "cell_type": "code",
   "execution_count": null,
   "id": "a46fafae-fc36-4515-898f-e2e89c744873",
   "metadata": {},
   "outputs": [],
   "source": []
  }
 ],
 "metadata": {
  "kernelspec": {
   "display_name": "Python 3 (ipykernel)",
   "language": "python",
   "name": "python3"
  },
  "language_info": {
   "codemirror_mode": {
    "name": "ipython",
    "version": 3
   },
   "file_extension": ".py",
   "mimetype": "text/x-python",
   "name": "python",
   "nbconvert_exporter": "python",
   "pygments_lexer": "ipython3",
   "version": "3.12.3"
  }
 },
 "nbformat": 4,
 "nbformat_minor": 5
}
